09/11/2021 07:04:08 PM Writing: renderer::blenderA|| to bar.config
09/11/2021 07:04:59PM Writing: renderer::blenderA|| to bar.config
09/11/2021 07:05:16PM |||| Writing: renderer::blenderA|| to bar.config
09/11/2021 07:05:40PM |||| Writing: "renderer::blenderA||" to bar.config
09/11/2021 07:10:31PM |||| Writing: "renderer::blenderA||" to bar.config
09/11/2021 07:10:38PM |||| Writing: "renderer::blenderA||" to bar.config
09/11/2021 07:11:26PM |||| Writing: "renderer::blenderA||" to bar.config
09/11/2021 07:11:37PM |||| Writing: "renderer::blenderA||" to bar.config
09/11/2021 07:11:54PM |||| Writing: "renderer::blenderA||" to bar.config
09/11/2021 10:39:08PM |||| Changing setting endframe from 320 to 320
09/11/2021 10:39:25PM |||| Changing setting endframe from 320 to 500
09/11/2021 10:56:58PM |||| Changing setting endframe from 500 to 500
09/11/2021 11:19:39PM |||| 3
09/11/2021 11:23:47PM |||| Changing setting startframe from 12 to 200
09/11/2021 11:30:21PM |||| Changing setting endframe from 34 to G:/MAIN_GAMING/STEAMAPPS/COMMON/BLENDER/BLENDER.EXE
09/11/2021 11:30:44PM |||| Changing setting endframe from G:/MAIN_GAMING/STEAMAPPS/COMMON/BLENDER/BLENDER.EXE to 700
09/11/2021 11:39:45PM |||| Adding "H:\VFX to blender list.
09/11/2021 11:40:33PM |||| Adding "H:\VFX AND VIDEO PROJECTS\HISTORY VIDEO 2022\BLENDER SCENES\PASSBY TERMINAL\TERMINAL - COPY.BLEND" to blender list.
09/11/2021 11:42:33PM |||| Adding "H:\VFX AND VIDEO PROJECTS\HISTORY VIDEO 2022\BLENDER SCENES\PASSBY TERMINAL\TERMINAL - COPY.BLEND" to blender list.
09/11/2021 11:42:39PM |||| Adding H:\VFX AND VIDEO PROJECTS\HISTORY VIDEO 2022\BLENDER SCENES\PASSBY TERMINAL\TERMINAL - COPY.BLEND to blender list.
09/11/2021 11:43:37PM |||| Adding H:\VFX AND VIDEO PROJECTS\HISTORY VIDEO 2022\BLENDER SCENES\PASSBY TERMINAL\TERMINAL - COPY.BLEND to blender list.
09/14/2021 09:16:09PM |||| Adding H:/VFX and Video Projects/History Video 2022/Blender Scenes/Passby Terminal/Terminal.blend to blender list.
09/14/2021 09:19:11PM |||| Adding H:/VFX and Video Projects/History Video 2022/Blender Scenes/Passby Terminal/Terminal.blend to blender list.
09/14/2021 09:36:13PM |||| Changing setting frames5 from 1-700 to 5-500
09/14/2021 09:38:33PM |||| Changing setting frames4 from 1-700 to 50-500
09/15/2021 03:01:09PM |||| Adding H:/VFX and Video Projects/History Video 2022/Glados.blend to blender list.
09/15/2021 03:01:40PM |||| Adding H:/VFX and Video Projects/History Video 2022/Quantum Engines.blend to blender list.
09/16/2021 10:56:14PM |||| Adding C:/Users/raavc/Documents/GitHub/BAR-GUICMD/Blender Testing/Cube.blend to blender list.
09/16/2021 10:57:36PM |||| Adding C:/Users/raavc/Documents/GitHub/BAR-GUICMD/Blender Testing/Cube.blend to blender list.
09/16/2021 10:59:52PM |||| -------------------------PROGRAM RESTARTED-------------------------
09/16/2021 11:00:10PM |||| Adding C:/Users/raavc/Documents/GitHub/BAR-GUICMD/Blender Testing/Cube.blend to blender list.
09/16/2021 11:01:03PM |||| -------------------------PROGRAM RESTARTED-------------------------
09/16/2021 11:01:08PM |||| Adding C:/Users/raavc/Documents/GitHub/BAR-GUICMD/Blender Testing/Cube.blend to blender list.
09/16/2021 11:02:29PM |||| -------------------------PROGRAM RESTARTED-------------------------
09/16/2021 11:02:43PM |||| Adding C:/Users/raavc/Documents/GitHub/BAR-GUICMD/Blender Testing/Cube.blend to blender list.
09/16/2021 11:03:04PM |||| -------------------------PROGRAM RESTARTED-------------------------
09/16/2021 11:05:23PM |||| -------------------------PROGRAM RESTARTED-------------------------
09/16/2021 11:05:45PM |||| -------------------------PROGRAM RESTARTED-------------------------
09/16/2021 11:07:58PM |||| -------------------------PROGRAM RESTARTED-------------------------
09/16/2021 11:08:51PM |||| -------------------------PROGRAM RESTARTED-------------------------
09/17/2021 08:32:11AM |||| -------------------------PROGRAM RESTARTED-------------------------
09/17/2021 08:32:16AM |||| -------------------------PROGRAM RESTARTED-------------------------
09/17/2021 08:33:55AM |||| Changing setting outputfolder from A:/RENDER OUTPUT to C:/Users/raavc/Documents/GitHub/BAR-GUICMD/Blender Testing/Output
09/17/2021 08:43:42AM |||| -------------------------PROGRAM RESTARTED-------------------------
09/17/2021 08:43:54AM |||| Adding C:/Users/raavc/Documents/GitHub/BAR-GUICMD/Blender Testing/Cube.blend to blender list.
09/17/2021 08:46:16AM |||| -------------------------PROGRAM RESTARTED-------------------------
09/17/2021 08:46:23AM |||| Adding C:/Users/raavc/Documents/GitHub/BAR-GUICMD/Blender Testing/Cube.blend to blender list.
09/17/2021 08:53:02AM |||| -------------------------PROGRAM RESTARTED-------------------------
09/17/2021 08:53:12AM |||| Adding C:/Users/raavc/Documents/GitHub/BAR-GUICMD/Blender Testing/Cube.blend to blender list.
09/17/2021 08:53:34AM |||| -------------------------PROGRAM RESTARTED-------------------------
09/17/2021 08:54:04AM |||| -------------------------PROGRAM RESTARTED-------------------------
09/17/2021 08:54:29AM |||| Adding C:/Users/raavc/Documents/GitHub/BAR-GUICMD/Blender Testing/Cube.blend to blender list.
09/17/2021 08:55:13AM |||| -------------------------PROGRAM RESTARTED-------------------------
09/17/2021 08:55:23AM |||| Adding C:/Users/raavc/Documents/GitHub/BAR-GUICMD/Blender Testing/Cube.blend to blender list.
09/17/2021 08:55:50AM |||| -------------------------PROGRAM RESTARTED-------------------------
09/17/2021 08:55:56AM |||| Adding C:/Users/raavc/Documents/GitHub/BAR-GUICMD/Blender Testing/Cube.blend to blender list.
09/17/2021 08:56:16AM |||| -------------------------PROGRAM RESTARTED-------------------------
09/17/2021 08:56:23AM |||| Adding C:/Users/raavc/Documents/GitHub/BAR-GUICMD/Blender Testing/Cube.blend to blender list.
09/17/2021 08:56:44AM |||| -------------------------PROGRAM RESTARTED-------------------------
09/17/2021 08:56:54AM |||| Adding C:/Users/raavc/Documents/GitHub/BAR-GUICMD/Blender Testing/Cube.blend to blender list.
09/17/2021 08:57:35AM |||| -------------------------PROGRAM RESTARTED-------------------------
09/17/2021 08:57:42AM |||| Adding C:/Users/raavc/Documents/GitHub/BAR-GUICMD/Blender Testing/Cube.blend to blender list.
09/17/2021 08:57:48AM |||| Changing setting frames1 from 1-700 to 400-20
09/17/2021 08:59:00AM |||| -------------------------PROGRAM RESTARTED-------------------------
09/17/2021 08:59:07AM |||| Adding C:/Users/raavc/Documents/GitHub/BAR-GUICMD/Blender Testing/Cube.blend to blender list.
09/17/2021 08:59:18AM |||| Changing setting frames1 from 400-20 to 10-200
09/17/2021 09:05:04AM |||| -------------------------PROGRAM RESTARTED-------------------------
09/17/2021 09:05:16AM |||| Adding C:/Users/raavc/Documents/GitHub/BAR-GUICMD/Blender Testing/Cube.blend to blender list.
09/17/2021 09:05:26AM |||| Changing setting frames1 from 10-200 to 0-30
09/17/2021 09:05:46AM |||| -------------------------PROGRAM RESTARTED-------------------------
